DEB [20180709-17:00:00.051] thr=1   paramiko.transport: starting thread (client mode): 0xba150f0
DEB [20180709-17:00:00.051] thr=1   paramiko.transport: Local version/idstring: SSH-2.0-paramiko_2.4.1
DEB [20180709-17:00:00.064] thr=1   paramiko.transport: Remote version/idstring: SSH-2.0-OpenSSH_7.4
INF [20180709-17:00:00.064] thr=1   paramiko.transport: Connected (version 2.0, client OpenSSH_7.4)
DEB [20180709-17:00:00.066] thr=1   paramiko.transport: kex algos:['curve25519-sha256', 'curve25519-sha256@libssh.org', 'ecdh-sha2-nistp256', 'ecdh-sha2-nistp384', 'ecdh-sha2-nistp521', 'diffie-hellman-group-exchange-sha256', 'diffie-hellman-group16-sha512', 'diffie-hellman-group18-sha512', 'diffie-hellman-group-exchange-sha1', 'diffie-hellman-group14-sha256', 'diffie-hellman-group14-sha1', 'diffie-hellman-group1-sha1'] server key:['ssh-rsa', 'rsa-sha2-512', 'rsa-sha2-256', 'ecdsa-sha2-nistp256', 'ssh-ed25519'] client encrypt:['chacha20-poly1305@openssh.com', 'aes128-ctr', 'aes192-ctr', 'aes256-ctr', 'aes128-gcm@openssh.com', 'aes256-gcm@openssh.com', 'aes128-cbc', 'aes192-cbc', 'aes256-cbc', 'blowfish-cbc', 'cast128-cbc', '3des-cbc'] server encrypt:['chacha20-poly1305@openssh.com', 'aes128-ctr', 'aes192-ctr', 'aes256-ctr', 'aes128-gcm@openssh.com', 'aes256-gcm@openssh.com', 'aes128-cbc', 'aes192-cbc', 'aes256-cbc', 'blowfish-cbc', 'cast128-cbc', '3des-cbc'] client mac:['umac-64-etm@openssh.com', 'umac-128-etm@openssh.com', 'hmac-sha2-256-etm@openssh.com', 'hmac-sha2-512-etm@openssh.com', 'hmac-sha1-etm@openssh.com', 'umac-64@openssh.com', 'umac-128@openssh.com', 'hmac-sha2-256', 'hmac-sha2-512', 'hmac-sha1'] server mac:['umac-64-etm@openssh.com', 'umac-128-etm@openssh.com', 'hmac-sha2-256-etm@openssh.com', 'hmac-sha2-512-etm@openssh.com', 'hmac-sha1-etm@openssh.com', 'umac-64@openssh.com', 'umac-128@openssh.com', 'hmac-sha2-256', 'hmac-sha2-512', 'hmac-sha1'] client compress:['none', 'zlib@openssh.com'] server compress:['none', 'zlib@openssh.com'] client lang:[''] server lang:[''] kex follows?False
DEB [20180709-17:00:00.066] thr=1   paramiko.transport: Kex agreed: ecdh-sha2-nistp256
DEB [20180709-17:00:00.066] thr=1   paramiko.transport: HostKey agreed: ssh-ed25519
DEB [20180709-17:00:00.066] thr=1   paramiko.transport: Cipher agreed: aes128-ctr
DEB [20180709-17:00:00.067] thr=1   paramiko.transport: MAC agreed: hmac-sha2-256
DEB [20180709-17:00:00.067] thr=1   paramiko.transport: Compression agreed: none
DEB [20180709-17:00:00.150] thr=1   paramiko.transport: kex engine KexNistp256 specified hash_algo <built-in function openssl_sha256>
DEB [20180709-17:00:00.150] thr=1   paramiko.transport: Switch to new keys ...
DEB [20180709-17:00:00.151] thr=2   paramiko.transport: Adding ssh-ed25519 host key for 172.16.1.12: b'c6cb54f4c27f19b1648872427050cc93'
DEB [20180709-17:00:00.157] thr=2   paramiko.transport: Trying discovered key b'f7fecf472db1596440ea64690472b8cc' in C:\Users\Ceph/.ssh/id_rsa
DEB [20180709-17:00:00.190] thr=1   paramiko.transport: userauth is OK
INF [20180709-17:00:00.213] thr=1   paramiko.transport: Authentication (publickey) successful!
DEB [20180709-17:00:00.215] thr=2   paramiko.transport: [chan 0] Max packet in: 32768 bytes
DEB [20180709-17:00:00.387] thr=1   paramiko.transport: Received global request "hostkeys-00@openssh.com"
DEB [20180709-17:00:00.387] thr=1   paramiko.transport: Rejecting "hostkeys-00@openssh.com" global request from server.
DEB [20180709-17:00:00.591] thr=1   paramiko.transport: [chan 0] Max packet out: 32768 bytes
DEB [20180709-17:00:00.592] thr=1   paramiko.transport: Secsh channel 0 opened.
DEB [20180709-17:00:00.598] thr=1   paramiko.transport: [chan 0] Sesch channel 0 request ok
DEB [20180709-17:00:00.603] thr=1   paramiko.transport: [chan 0] Sesch channel 0 request ok
DEB [20180709-17:00:10.713] thr=2   paramiko.transport: [chan 0] EOF sent (0)
DEB [20180709-17:00:10.715] thr=1   paramiko.transport: EOF in transport thread
DEB [20180709-17:16:42.352] thr=1   paramiko.transport: starting thread (client mode): 0xa8b6748
DEB [20180709-17:16:42.352] thr=1   paramiko.transport: Local version/idstring: SSH-2.0-paramiko_2.4.1
DEB [20180709-17:16:42.361] thr=1   paramiko.transport: Remote version/idstring: SSH-2.0-OpenSSH_7.4
INF [20180709-17:16:42.362] thr=1   paramiko.transport: Connected (version 2.0, client OpenSSH_7.4)
DEB [20180709-17:16:42.364] thr=1   paramiko.transport: kex algos:['curve25519-sha256', 'curve25519-sha256@libssh.org', 'ecdh-sha2-nistp256', 'ecdh-sha2-nistp384', 'ecdh-sha2-nistp521', 'diffie-hellman-group-exchange-sha256', 'diffie-hellman-group16-sha512', 'diffie-hellman-group18-sha512', 'diffie-hellman-group-exchange-sha1', 'diffie-hellman-group14-sha256', 'diffie-hellman-group14-sha1', 'diffie-hellman-group1-sha1'] server key:['ssh-rsa', 'rsa-sha2-512', 'rsa-sha2-256', 'ecdsa-sha2-nistp256', 'ssh-ed25519'] client encrypt:['chacha20-poly1305@openssh.com', 'aes128-ctr', 'aes192-ctr', 'aes256-ctr', 'aes128-gcm@openssh.com', 'aes256-gcm@openssh.com', 'aes128-cbc', 'aes192-cbc', 'aes256-cbc', 'blowfish-cbc', 'cast128-cbc', '3des-cbc'] server encrypt:['chacha20-poly1305@openssh.com', 'aes128-ctr', 'aes192-ctr', 'aes256-ctr', 'aes128-gcm@openssh.com', 'aes256-gcm@openssh.com', 'aes128-cbc', 'aes192-cbc', 'aes256-cbc', 'blowfish-cbc', 'cast128-cbc', '3des-cbc'] client mac:['umac-64-etm@openssh.com', 'umac-128-etm@openssh.com', 'hmac-sha2-256-etm@openssh.com', 'hmac-sha2-512-etm@openssh.com', 'hmac-sha1-etm@openssh.com', 'umac-64@openssh.com', 'umac-128@openssh.com', 'hmac-sha2-256', 'hmac-sha2-512', 'hmac-sha1'] server mac:['umac-64-etm@openssh.com', 'umac-128-etm@openssh.com', 'hmac-sha2-256-etm@openssh.com', 'hmac-sha2-512-etm@openssh.com', 'hmac-sha1-etm@openssh.com', 'umac-64@openssh.com', 'umac-128@openssh.com', 'hmac-sha2-256', 'hmac-sha2-512', 'hmac-sha1'] client compress:['none', 'zlib@openssh.com'] server compress:['none', 'zlib@openssh.com'] client lang:[''] server lang:[''] kex follows?False
DEB [20180709-17:16:42.364] thr=1   paramiko.transport: Kex agreed: ecdh-sha2-nistp256
DEB [20180709-17:16:42.364] thr=1   paramiko.transport: HostKey agreed: ssh-ed25519
DEB [20180709-17:16:42.364] thr=1   paramiko.transport: Cipher agreed: aes128-ctr
DEB [20180709-17:16:42.364] thr=1   paramiko.transport: MAC agreed: hmac-sha2-256
DEB [20180709-17:16:42.364] thr=1   paramiko.transport: Compression agreed: none
DEB [20180709-17:16:42.417] thr=1   paramiko.transport: kex engine KexNistp256 specified hash_algo <built-in function openssl_sha256>
DEB [20180709-17:16:42.417] thr=1   paramiko.transport: Switch to new keys ...
DEB [20180709-17:16:42.418] thr=2   paramiko.transport: Adding ssh-ed25519 host key for 172.16.1.12: b'c6cb54f4c27f19b1648872427050cc93'
DEB [20180709-17:16:42.422] thr=2   paramiko.transport: Trying discovered key b'f7fecf472db1596440ea64690472b8cc' in C:\Users\Ceph/.ssh/id_rsa
DEB [20180709-17:16:42.457] thr=1   paramiko.transport: userauth is OK
INF [20180709-17:16:42.466] thr=1   paramiko.transport: Authentication (publickey) failed.
DEB [20180709-17:16:42.467] thr=1   paramiko.transport: userauth is OK
INF [20180709-17:16:42.491] thr=1   paramiko.transport: Authentication (password) successful!
DEB [20180709-17:16:42.492] thr=2   paramiko.transport: [chan 0] Max packet in: 32768 bytes
DEB [20180709-17:16:42.654] thr=1   paramiko.transport: Received global request "hostkeys-00@openssh.com"
DEB [20180709-17:16:42.654] thr=1   paramiko.transport: Rejecting "hostkeys-00@openssh.com" global request from server.
DEB [20180709-17:16:42.851] thr=1   paramiko.transport: [chan 0] Max packet out: 32768 bytes
DEB [20180709-17:16:42.851] thr=1   paramiko.transport: Secsh channel 0 opened.
DEB [20180709-17:16:42.856] thr=1   paramiko.transport: [chan 0] Sesch channel 0 request ok
DEB [20180709-17:16:42.859] thr=1   paramiko.transport: [chan 0] Sesch channel 0 request ok
DEB [20180709-17:16:52.973] thr=2   paramiko.transport: [chan 0] EOF sent (0)
DEB [20180709-17:16:52.974] thr=1   paramiko.transport: EOF in transport thread
DEB [20180709-17:17:02.139] thr=1   paramiko.transport: starting thread (client mode): 0xa8b7748
DEB [20180709-17:17:02.139] thr=1   paramiko.transport: Local version/idstring: SSH-2.0-paramiko_2.4.1
DEB [20180709-17:17:02.151] thr=1   paramiko.transport: Remote version/idstring: SSH-2.0-OpenSSH_7.4
INF [20180709-17:17:02.151] thr=1   paramiko.transport: Connected (version 2.0, client OpenSSH_7.4)
DEB [20180709-17:17:02.153] thr=1   paramiko.transport: kex algos:['curve25519-sha256', 'curve25519-sha256@libssh.org', 'ecdh-sha2-nistp256', 'ecdh-sha2-nistp384', 'ecdh-sha2-nistp521', 'diffie-hellman-group-exchange-sha256', 'diffie-hellman-group16-sha512', 'diffie-hellman-group18-sha512', 'diffie-hellman-group-exchange-sha1', 'diffie-hellman-group14-sha256', 'diffie-hellman-group14-sha1', 'diffie-hellman-group1-sha1'] server key:['ssh-rsa', 'rsa-sha2-512', 'rsa-sha2-256', 'ecdsa-sha2-nistp256', 'ssh-ed25519'] client encrypt:['chacha20-poly1305@openssh.com', 'aes128-ctr', 'aes192-ctr', 'aes256-ctr', 'aes128-gcm@openssh.com', 'aes256-gcm@openssh.com', 'aes128-cbc', 'aes192-cbc', 'aes256-cbc', 'blowfish-cbc', 'cast128-cbc', '3des-cbc'] server encrypt:['chacha20-poly1305@openssh.com', 'aes128-ctr', 'aes192-ctr', 'aes256-ctr', 'aes128-gcm@openssh.com', 'aes256-gcm@openssh.com', 'aes128-cbc', 'aes192-cbc', 'aes256-cbc', 'blowfish-cbc', 'cast128-cbc', '3des-cbc'] client mac:['umac-64-etm@openssh.com', 'umac-128-etm@openssh.com', 'hmac-sha2-256-etm@openssh.com', 'hmac-sha2-512-etm@openssh.com', 'hmac-sha1-etm@openssh.com', 'umac-64@openssh.com', 'umac-128@openssh.com', 'hmac-sha2-256', 'hmac-sha2-512', 'hmac-sha1'] server mac:['umac-64-etm@openssh.com', 'umac-128-etm@openssh.com', 'hmac-sha2-256-etm@openssh.com', 'hmac-sha2-512-etm@openssh.com', 'hmac-sha1-etm@openssh.com', 'umac-64@openssh.com', 'umac-128@openssh.com', 'hmac-sha2-256', 'hmac-sha2-512', 'hmac-sha1'] client compress:['none', 'zlib@openssh.com'] server compress:['none', 'zlib@openssh.com'] client lang:[''] server lang:[''] kex follows?False
DEB [20180709-17:17:02.153] thr=1   paramiko.transport: Kex agreed: ecdh-sha2-nistp256
DEB [20180709-17:17:02.153] thr=1   paramiko.transport: HostKey agreed: ssh-ed25519
DEB [20180709-17:17:02.153] thr=1   paramiko.transport: Cipher agreed: aes128-ctr
DEB [20180709-17:17:02.153] thr=1   paramiko.transport: MAC agreed: hmac-sha2-256
DEB [20180709-17:17:02.153] thr=1   paramiko.transport: Compression agreed: none
DEB [20180709-17:17:02.209] thr=1   paramiko.transport: kex engine KexNistp256 specified hash_algo <built-in function openssl_sha256>
DEB [20180709-17:17:02.209] thr=1   paramiko.transport: Switch to new keys ...
DEB [20180709-17:17:02.209] thr=2   paramiko.transport: Adding ssh-ed25519 host key for 172.16.1.12: b'c6cb54f4c27f19b1648872427050cc93'
DEB [20180709-17:17:02.214] thr=2   paramiko.transport: Trying discovered key b'f7fecf472db1596440ea64690472b8cc' in C:\Users\Ceph/.ssh/id_rsa
DEB [20180709-17:17:02.249] thr=1   paramiko.transport: userauth is OK
INF [20180709-17:17:02.255] thr=1   paramiko.transport: Authentication (publickey) failed.
DEB [20180709-17:17:02.256] thr=1   paramiko.transport: userauth is OK
INF [20180709-17:17:02.282] thr=1   paramiko.transport: Authentication (password) successful!
DEB [20180709-17:17:02.283] thr=2   paramiko.transport: [chan 0] Max packet in: 32768 bytes
DEB [20180709-17:17:02.453] thr=1   paramiko.transport: Received global request "hostkeys-00@openssh.com"
DEB [20180709-17:17:02.454] thr=1   paramiko.transport: Rejecting "hostkeys-00@openssh.com" global request from server.
DEB [20180709-17:17:02.658] thr=1   paramiko.transport: [chan 0] Max packet out: 32768 bytes
DEB [20180709-17:17:02.658] thr=1   paramiko.transport: Secsh channel 0 opened.
DEB [20180709-17:17:02.663] thr=1   paramiko.transport: [chan 0] Sesch channel 0 request ok
DEB [20180709-17:17:02.667] thr=1   paramiko.transport: [chan 0] Sesch channel 0 request ok
DEB [20180709-17:17:12.785] thr=2   paramiko.transport: [chan 0] EOF sent (0)
DEB [20180709-17:17:25.601] thr=1   paramiko.transport: starting thread (client mode): 0xa8b8710
DEB [20180709-17:17:25.601] thr=1   paramiko.transport: Local version/idstring: SSH-2.0-paramiko_2.4.1
DEB [20180709-17:17:25.610] thr=1   paramiko.transport: Remote version/idstring: SSH-2.0-OpenSSH_7.4
INF [20180709-17:17:25.610] thr=1   paramiko.transport: Connected (version 2.0, client OpenSSH_7.4)
DEB [20180709-17:17:25.612] thr=1   paramiko.transport: kex algos:['curve25519-sha256', 'curve25519-sha256@libssh.org', 'ecdh-sha2-nistp256', 'ecdh-sha2-nistp384', 'ecdh-sha2-nistp521', 'diffie-hellman-group-exchange-sha256', 'diffie-hellman-group16-sha512', 'diffie-hellman-group18-sha512', 'diffie-hellman-group-exchange-sha1', 'diffie-hellman-group14-sha256', 'diffie-hellman-group14-sha1', 'diffie-hellman-group1-sha1'] server key:['ssh-rsa', 'rsa-sha2-512', 'rsa-sha2-256', 'ecdsa-sha2-nistp256', 'ssh-ed25519'] client encrypt:['chacha20-poly1305@openssh.com', 'aes128-ctr', 'aes192-ctr', 'aes256-ctr', 'aes128-gcm@openssh.com', 'aes256-gcm@openssh.com', 'aes128-cbc', 'aes192-cbc', 'aes256-cbc', 'blowfish-cbc', 'cast128-cbc', '3des-cbc'] server encrypt:['chacha20-poly1305@openssh.com', 'aes128-ctr', 'aes192-ctr', 'aes256-ctr', 'aes128-gcm@openssh.com', 'aes256-gcm@openssh.com', 'aes128-cbc', 'aes192-cbc', 'aes256-cbc', 'blowfish-cbc', 'cast128-cbc', '3des-cbc'] client mac:['umac-64-etm@openssh.com', 'umac-128-etm@openssh.com', 'hmac-sha2-256-etm@openssh.com', 'hmac-sha2-512-etm@openssh.com', 'hmac-sha1-etm@openssh.com', 'umac-64@openssh.com', 'umac-128@openssh.com', 'hmac-sha2-256', 'hmac-sha2-512', 'hmac-sha1'] server mac:['umac-64-etm@openssh.com', 'umac-128-etm@openssh.com', 'hmac-sha2-256-etm@openssh.com', 'hmac-sha2-512-etm@openssh.com', 'hmac-sha1-etm@openssh.com', 'umac-64@openssh.com', 'umac-128@openssh.com', 'hmac-sha2-256', 'hmac-sha2-512', 'hmac-sha1'] client compress:['none', 'zlib@openssh.com'] server compress:['none', 'zlib@openssh.com'] client lang:[''] server lang:[''] kex follows?False
DEB [20180709-17:17:25.612] thr=1   paramiko.transport: Kex agreed: ecdh-sha2-nistp256
DEB [20180709-17:17:25.612] thr=1   paramiko.transport: HostKey agreed: ssh-ed25519
DEB [20180709-17:17:25.612] thr=1   paramiko.transport: Cipher agreed: aes128-ctr
DEB [20180709-17:17:25.612] thr=1   paramiko.transport: MAC agreed: hmac-sha2-256
DEB [20180709-17:17:25.612] thr=1   paramiko.transport: Compression agreed: none
DEB [20180709-17:17:25.666] thr=1   paramiko.transport: kex engine KexNistp256 specified hash_algo <built-in function openssl_sha256>
DEB [20180709-17:17:25.666] thr=1   paramiko.transport: Switch to new keys ...
DEB [20180709-17:17:25.666] thr=2   paramiko.transport: Adding ssh-ed25519 host key for 172.16.1.12: b'c6cb54f4c27f19b1648872427050cc93'
DEB [20180709-17:17:25.671] thr=2   paramiko.transport: Trying discovered key b'f7fecf472db1596440ea64690472b8cc' in C:\Users\Ceph/.ssh/id_rsa
DEB [20180709-17:17:25.706] thr=1   paramiko.transport: userauth is OK
INF [20180709-17:17:25.712] thr=1   paramiko.transport: Authentication (publickey) failed.
DEB [20180709-17:17:25.713] thr=1   paramiko.transport: userauth is OK
INF [20180709-17:17:25.738] thr=1   paramiko.transport: Authentication (password) successful!
DEB [20180709-17:17:25.739] thr=2   paramiko.transport: [chan 0] Max packet in: 32768 bytes
DEB [20180709-17:17:25.897] thr=1   paramiko.transport: Received global request "hostkeys-00@openssh.com"
DEB [20180709-17:17:25.897] thr=1   paramiko.transport: Rejecting "hostkeys-00@openssh.com" global request from server.
DEB [20180709-17:17:26.090] thr=1   paramiko.transport: [chan 0] Max packet out: 32768 bytes
DEB [20180709-17:17:26.090] thr=1   paramiko.transport: Secsh channel 0 opened.
DEB [20180709-17:17:26.094] thr=1   paramiko.transport: [chan 0] Sesch channel 0 request ok
DEB [20180709-17:17:26.096] thr=1   paramiko.transport: [chan 0] Sesch channel 0 request ok
DEB [20180709-17:17:36.202] thr=2   paramiko.transport: [chan 0] EOF sent (0)
DEB [20180709-17:17:36.203] thr=1   paramiko.transport: EOF in transport thread
DEB [20180709-17:18:54.104] thr=1   paramiko.transport: starting thread (client mode): 0xa8b7748
DEB [20180709-17:18:54.105] thr=1   paramiko.transport: Local version/idstring: SSH-2.0-paramiko_2.4.1
DEB [20180709-17:18:54.113] thr=1   paramiko.transport: Remote version/idstring: SSH-2.0-OpenSSH_7.4
INF [20180709-17:18:54.113] thr=1   paramiko.transport: Connected (version 2.0, client OpenSSH_7.4)
DEB [20180709-17:18:54.115] thr=1   paramiko.transport: kex algos:['curve25519-sha256', 'curve25519-sha256@libssh.org', 'ecdh-sha2-nistp256', 'ecdh-sha2-nistp384', 'ecdh-sha2-nistp521', 'diffie-hellman-group-exchange-sha256', 'diffie-hellman-group16-sha512', 'diffie-hellman-group18-sha512', 'diffie-hellman-group-exchange-sha1', 'diffie-hellman-group14-sha256', 'diffie-hellman-group14-sha1', 'diffie-hellman-group1-sha1'] server key:['ssh-rsa', 'rsa-sha2-512', 'rsa-sha2-256', 'ecdsa-sha2-nistp256', 'ssh-ed25519'] client encrypt:['chacha20-poly1305@openssh.com', 'aes128-ctr', 'aes192-ctr', 'aes256-ctr', 'aes128-gcm@openssh.com', 'aes256-gcm@openssh.com', 'aes128-cbc', 'aes192-cbc', 'aes256-cbc', 'blowfish-cbc', 'cast128-cbc', '3des-cbc'] server encrypt:['chacha20-poly1305@openssh.com', 'aes128-ctr', 'aes192-ctr', 'aes256-ctr', 'aes128-gcm@openssh.com', 'aes256-gcm@openssh.com', 'aes128-cbc', 'aes192-cbc', 'aes256-cbc', 'blowfish-cbc', 'cast128-cbc', '3des-cbc'] client mac:['umac-64-etm@openssh.com', 'umac-128-etm@openssh.com', 'hmac-sha2-256-etm@openssh.com', 'hmac-sha2-512-etm@openssh.com', 'hmac-sha1-etm@openssh.com', 'umac-64@openssh.com', 'umac-128@openssh.com', 'hmac-sha2-256', 'hmac-sha2-512', 'hmac-sha1'] server mac:['umac-64-etm@openssh.com', 'umac-128-etm@openssh.com', 'hmac-sha2-256-etm@openssh.com', 'hmac-sha2-512-etm@openssh.com', 'hmac-sha1-etm@openssh.com', 'umac-64@openssh.com', 'umac-128@openssh.com', 'hmac-sha2-256', 'hmac-sha2-512', 'hmac-sha1'] client compress:['none', 'zlib@openssh.com'] server compress:['none', 'zlib@openssh.com'] client lang:[''] server lang:[''] kex follows?False
DEB [20180709-17:18:54.115] thr=1   paramiko.transport: Kex agreed: ecdh-sha2-nistp256
DEB [20180709-17:18:54.115] thr=1   paramiko.transport: HostKey agreed: ssh-ed25519
DEB [20180709-17:18:54.115] thr=1   paramiko.transport: Cipher agreed: aes128-ctr
DEB [20180709-17:18:54.115] thr=1   paramiko.transport: MAC agreed: hmac-sha2-256
DEB [20180709-17:18:54.115] thr=1   paramiko.transport: Compression agreed: none
DEB [20180709-17:18:54.169] thr=1   paramiko.transport: kex engine KexNistp256 specified hash_algo <built-in function openssl_sha256>
DEB [20180709-17:18:54.170] thr=1   paramiko.transport: Switch to new keys ...
DEB [20180709-17:18:54.170] thr=2   paramiko.transport: Adding ssh-ed25519 host key for 172.16.1.12: b'c6cb54f4c27f19b1648872427050cc93'
DEB [20180709-17:18:54.174] thr=2   paramiko.transport: Trying discovered key b'f7fecf472db1596440ea64690472b8cc' in C:\Users\Ceph/.ssh/id_rsa
DEB [20180709-17:18:54.210] thr=1   paramiko.transport: userauth is OK
INF [20180709-17:18:54.216] thr=1   paramiko.transport: Authentication (publickey) failed.
DEB [20180709-17:18:54.216] thr=1   paramiko.transport: userauth is OK
INF [20180709-17:18:54.242] thr=1   paramiko.transport: Authentication (password) successful!
DEB [20180709-17:18:54.243] thr=2   paramiko.transport: [chan 0] Max packet in: 32768 bytes
DEB [20180709-17:18:54.405] thr=1   paramiko.transport: Received global request "hostkeys-00@openssh.com"
DEB [20180709-17:18:54.405] thr=1   paramiko.transport: Rejecting "hostkeys-00@openssh.com" global request from server.
DEB [20180709-17:18:54.602] thr=1   paramiko.transport: [chan 0] Max packet out: 32768 bytes
DEB [20180709-17:18:54.602] thr=1   paramiko.transport: Secsh channel 0 opened.
DEB [20180709-17:18:54.607] thr=1   paramiko.transport: [chan 0] Sesch channel 0 request ok
DEB [20180709-17:18:54.610] thr=1   paramiko.transport: [chan 0] Sesch channel 0 request ok
DEB [20180709-17:18:54.611] thr=2   paramiko.transport: [chan 0] EOF sent (0)
DEB [20180709-17:19:05.121] thr=1   paramiko.transport: starting thread (client mode): 0xa8b7748
DEB [20180709-17:19:05.122] thr=1   paramiko.transport: Local version/idstring: SSH-2.0-paramiko_2.4.1
DEB [20180709-17:19:05.131] thr=1   paramiko.transport: Remote version/idstring: SSH-2.0-OpenSSH_7.4
INF [20180709-17:19:05.131] thr=1   paramiko.transport: Connected (version 2.0, client OpenSSH_7.4)
DEB [20180709-17:19:05.134] thr=1   paramiko.transport: kex algos:['curve25519-sha256', 'curve25519-sha256@libssh.org', 'ecdh-sha2-nistp256', 'ecdh-sha2-nistp384', 'ecdh-sha2-nistp521', 'diffie-hellman-group-exchange-sha256', 'diffie-hellman-group16-sha512', 'diffie-hellman-group18-sha512', 'diffie-hellman-group-exchange-sha1', 'diffie-hellman-group14-sha256', 'diffie-hellman-group14-sha1', 'diffie-hellman-group1-sha1'] server key:['ssh-rsa', 'rsa-sha2-512', 'rsa-sha2-256', 'ecdsa-sha2-nistp256', 'ssh-ed25519'] client encrypt:['chacha20-poly1305@openssh.com', 'aes128-ctr', 'aes192-ctr', 'aes256-ctr', 'aes128-gcm@openssh.com', 'aes256-gcm@openssh.com', 'aes128-cbc', 'aes192-cbc', 'aes256-cbc', 'blowfish-cbc', 'cast128-cbc', '3des-cbc'] server encrypt:['chacha20-poly1305@openssh.com', 'aes128-ctr', 'aes192-ctr', 'aes256-ctr', 'aes128-gcm@openssh.com', 'aes256-gcm@openssh.com', 'aes128-cbc', 'aes192-cbc', 'aes256-cbc', 'blowfish-cbc', 'cast128-cbc', '3des-cbc'] client mac:['umac-64-etm@openssh.com', 'umac-128-etm@openssh.com', 'hmac-sha2-256-etm@openssh.com', 'hmac-sha2-512-etm@openssh.com', 'hmac-sha1-etm@openssh.com', 'umac-64@openssh.com', 'umac-128@openssh.com', 'hmac-sha2-256', 'hmac-sha2-512', 'hmac-sha1'] server mac:['umac-64-etm@openssh.com', 'umac-128-etm@openssh.com', 'hmac-sha2-256-etm@openssh.com', 'hmac-sha2-512-etm@openssh.com', 'hmac-sha1-etm@openssh.com', 'umac-64@openssh.com', 'umac-128@openssh.com', 'hmac-sha2-256', 'hmac-sha2-512', 'hmac-sha1'] client compress:['none', 'zlib@openssh.com'] server compress:['none', 'zlib@openssh.com'] client lang:[''] server lang:[''] kex follows?False
DEB [20180709-17:19:05.134] thr=1   paramiko.transport: Kex agreed: ecdh-sha2-nistp256
DEB [20180709-17:19:05.134] thr=1   paramiko.transport: HostKey agreed: ssh-ed25519
DEB [20180709-17:19:05.134] thr=1   paramiko.transport: Cipher agreed: aes128-ctr
DEB [20180709-17:19:05.134] thr=1   paramiko.transport: MAC agreed: hmac-sha2-256
DEB [20180709-17:19:05.134] thr=1   paramiko.transport: Compression agreed: none
DEB [20180709-17:19:05.190] thr=1   paramiko.transport: kex engine KexNistp256 specified hash_algo <built-in function openssl_sha256>
DEB [20180709-17:19:05.191] thr=1   paramiko.transport: Switch to new keys ...
DEB [20180709-17:19:05.191] thr=2   paramiko.transport: Adding ssh-ed25519 host key for 172.16.1.12: b'c6cb54f4c27f19b1648872427050cc93'
DEB [20180709-17:19:05.196] thr=2   paramiko.transport: Trying discovered key b'f7fecf472db1596440ea64690472b8cc' in C:\Users\Ceph/.ssh/id_rsa
DEB [20180709-17:19:05.230] thr=1   paramiko.transport: userauth is OK
INF [20180709-17:19:05.240] thr=1   paramiko.transport: Authentication (publickey) failed.
DEB [20180709-17:19:05.241] thr=1   paramiko.transport: userauth is OK
INF [20180709-17:19:05.265] thr=1   paramiko.transport: Authentication (password) successful!
DEB [20180709-17:19:05.266] thr=2   paramiko.transport: [chan 0] Max packet in: 32768 bytes
DEB [20180709-17:19:05.419] thr=1   paramiko.transport: Received global request "hostkeys-00@openssh.com"
DEB [20180709-17:19:05.420] thr=1   paramiko.transport: Rejecting "hostkeys-00@openssh.com" global request from server.
DEB [20180709-17:19:05.613] thr=1   paramiko.transport: [chan 0] Max packet out: 32768 bytes
DEB [20180709-17:19:05.614] thr=1   paramiko.transport: Secsh channel 0 opened.
DEB [20180709-17:19:05.618] thr=1   paramiko.transport: [chan 0] Sesch channel 0 request ok
DEB [20180709-17:19:05.621] thr=1   paramiko.transport: [chan 0] Sesch channel 0 request ok
DEB [20180709-17:19:15.728] thr=2   paramiko.transport: [chan 0] EOF sent (0)
DEB [20180709-17:19:15.729] thr=1   paramiko.transport: EOF in transport thread
DEB [20180709-17:20:53.109] thr=1   paramiko.transport: starting thread (client mode): 0xa8b7748
DEB [20180709-17:20:53.109] thr=1   paramiko.transport: Local version/idstring: SSH-2.0-paramiko_2.4.1
DEB [20180709-17:20:53.121] thr=1   paramiko.transport: Remote version/idstring: SSH-2.0-OpenSSH_7.4
INF [20180709-17:20:53.121] thr=1   paramiko.transport: Connected (version 2.0, client OpenSSH_7.4)
DEB [20180709-17:20:53.123] thr=1   paramiko.transport: kex algos:['curve25519-sha256', 'curve25519-sha256@libssh.org', 'ecdh-sha2-nistp256', 'ecdh-sha2-nistp384', 'ecdh-sha2-nistp521', 'diffie-hellman-group-exchange-sha256', 'diffie-hellman-group16-sha512', 'diffie-hellman-group18-sha512', 'diffie-hellman-group-exchange-sha1', 'diffie-hellman-group14-sha256', 'diffie-hellman-group14-sha1', 'diffie-hellman-group1-sha1'] server key:['ssh-rsa', 'rsa-sha2-512', 'rsa-sha2-256', 'ecdsa-sha2-nistp256', 'ssh-ed25519'] client encrypt:['chacha20-poly1305@openssh.com', 'aes128-ctr', 'aes192-ctr', 'aes256-ctr', 'aes128-gcm@openssh.com', 'aes256-gcm@openssh.com', 'aes128-cbc', 'aes192-cbc', 'aes256-cbc', 'blowfish-cbc', 'cast128-cbc', '3des-cbc'] server encrypt:['chacha20-poly1305@openssh.com', 'aes128-ctr', 'aes192-ctr', 'aes256-ctr', 'aes128-gcm@openssh.com', 'aes256-gcm@openssh.com', 'aes128-cbc', 'aes192-cbc', 'aes256-cbc', 'blowfish-cbc', 'cast128-cbc', '3des-cbc'] client mac:['umac-64-etm@openssh.com', 'umac-128-etm@openssh.com', 'hmac-sha2-256-etm@openssh.com', 'hmac-sha2-512-etm@openssh.com', 'hmac-sha1-etm@openssh.com', 'umac-64@openssh.com', 'umac-128@openssh.com', 'hmac-sha2-256', 'hmac-sha2-512', 'hmac-sha1'] server mac:['umac-64-etm@openssh.com', 'umac-128-etm@openssh.com', 'hmac-sha2-256-etm@openssh.com', 'hmac-sha2-512-etm@openssh.com', 'hmac-sha1-etm@openssh.com', 'umac-64@openssh.com', 'umac-128@openssh.com', 'hmac-sha2-256', 'hmac-sha2-512', 'hmac-sha1'] client compress:['none', 'zlib@openssh.com'] server compress:['none', 'zlib@openssh.com'] client lang:[''] server lang:[''] kex follows?False
DEB [20180709-17:20:53.123] thr=1   paramiko.transport: Kex agreed: ecdh-sha2-nistp256
DEB [20180709-17:20:53.123] thr=1   paramiko.transport: HostKey agreed: ssh-ed25519
DEB [20180709-17:20:53.123] thr=1   paramiko.transport: Cipher agreed: aes128-ctr
DEB [20180709-17:20:53.123] thr=1   paramiko.transport: MAC agreed: hmac-sha2-256
DEB [20180709-17:20:53.124] thr=1   paramiko.transport: Compression agreed: none
DEB [20180709-17:20:53.177] thr=1   paramiko.transport: kex engine KexNistp256 specified hash_algo <built-in function openssl_sha256>
DEB [20180709-17:20:53.177] thr=1   paramiko.transport: Switch to new keys ...
DEB [20180709-17:20:53.177] thr=2   paramiko.transport: Adding ssh-ed25519 host key for 172.16.1.12: b'c6cb54f4c27f19b1648872427050cc93'
DEB [20180709-17:20:53.181] thr=2   paramiko.transport: Trying discovered key b'f7fecf472db1596440ea64690472b8cc' in C:\Users\Ceph/.ssh/id_rsa
DEB [20180709-17:20:53.217] thr=1   paramiko.transport: userauth is OK
INF [20180709-17:20:53.223] thr=1   paramiko.transport: Authentication (publickey) failed.
DEB [20180709-17:20:53.224] thr=1   paramiko.transport: userauth is OK
INF [20180709-17:20:53.248] thr=1   paramiko.transport: Authentication (password) successful!
DEB [20180709-17:20:53.248] thr=2   paramiko.transport: [chan 0] Max packet in: 32768 bytes
DEB [20180709-17:20:53.422] thr=1   paramiko.transport: Received global request "hostkeys-00@openssh.com"
DEB [20180709-17:20:53.422] thr=1   paramiko.transport: Rejecting "hostkeys-00@openssh.com" global request from server.
DEB [20180709-17:20:53.625] thr=1   paramiko.transport: [chan 0] Max packet out: 32768 bytes
DEB [20180709-17:20:53.625] thr=1   paramiko.transport: Secsh channel 0 opened.
DEB [20180709-17:20:53.629] thr=1   paramiko.transport: [chan 0] Sesch channel 0 request ok
DEB [20180709-17:20:53.631] thr=1   paramiko.transport: [chan 0] Sesch channel 0 request ok
DEB [20180709-17:21:03.737] thr=2   paramiko.transport: [chan 0] EOF sent (0)
DEB [20180709-17:21:03.738] thr=1   paramiko.transport: EOF in transport thread
